<?xml version="1.0" encoding="UTF-8"?>
<!-- Generated by org.testng.reporters.JUnitReportReporter -->
<testsuite hostname="DESKTOP-AV9T87F" name="com.hrms.testscripts.TC001" tests="1" failures="0" timestamp="4 May 2020 01:24:28 GMT" time="15.885" errors="0">
  <testcase name="tc001" time="15.885" classname="com.hrms.testscripts.TC001"/>
</testsuite> <!-- com.hrms.testscripts.TC001 -->
